\BOOKMARK [0][]{chapter.1}{\376\377\0001\000\040\000A\000l\000g\000o\000r\000i\000t\000h\000m\000\040\000H\000o\000m\000e\000w\000o\000r\000k\000\040\0001}{}% 1
\BOOKMARK [1][]{section.1.1}{\376\377\0001\000.\0001\000\040\147\345\142\176\225\356\230\230}{chapter.1}% 2
\BOOKMARK [2][]{subsection.1.1.1}{\376\377\0001\000.\0001\000.\0001\000\040\000\050\000a\000\051\176\277\140\047\147\345\142\176\117\052\116\343\170\001\116\016\153\143\170\156\140\047\213\301\146\016}{section.1.1}% 3
\BOOKMARK [2][]{subsection.1.1.2}{\376\377\0001\000.\0001\000.\0002\000\040\000\050\000b\000\051\213\241\173\227\131\015\147\102\136\246}{section.1.1}% 4
\BOOKMARK [1][]{section.1.2}{\376\377\0001\000.\0002\000\040\122\044\145\255\166\370\121\163\173\111\137\017\124\214\226\110\217\360}{chapter.1}% 5
\BOOKMARK [1][]{section.1.3}{\376\377\0001\000.\0003\000\040\213\301\146\016\173\111\137\017}{chapter.1}% 6
\BOOKMARK [1][]{section.1.4}{\376\377\0001\000.\0004\000\040\116\343\121\145\154\325\213\301\146\016}{chapter.1}% 7
\BOOKMARK [1][]{section.1.5}{\376\377\0001\000.\0005\000\040\220\022\137\122\150\021\154\325}{chapter.1}% 8
\BOOKMARK [1][]{section.1.6}{\376\377\0001\000.\0006\000\040\116\073\145\271\154\325\211\343\220\022\137\122\137\017}{chapter.1}% 9
\BOOKMARK [2][]{subsection.1.6.1}{\376\377\0001\000.\0006\000.\0001\000\040\000T\000\050\000n\000\051\000\040\000=\000\040\0002\000T\000\050\000n\000/\0004\000\051\000+\000n\166\204\140\305\121\265}{section.1.6}% 10
\BOOKMARK [2][]{subsection.1.6.2}{\376\377\0001\000.\0006\000.\0002\000\040\000T\000\050\000n\000\051\000\040\000=\000\040\0002\000T\000\050\000n\000/\0004\000\051\000+\000n\0002\166\204\140\305\121\265}{section.1.6}% 11
\BOOKMARK [1][]{section.1.7}{\376\377\0001\000.\0007\000\040\116\073\145\271\154\325\213\250\213\272}{chapter.1}% 12
\BOOKMARK [0][]{chapter.2}{\376\377\0002\000\040\000A\000l\000g\000o\000r\000i\000t\000h\000m\000\040\000H\000o\000m\000e\000w\000o\000r\000k\000\040\0002}{}% 13
\BOOKMARK [1][]{section.2.1}{\376\377\0002\000.\0001\000\040\130\006\143\222\136\217\131\015\147\102\136\246\122\006\147\220}{chapter.2}% 14
\BOOKMARK [1][]{section.2.2}{\376\377\0002\000.\0002\000\040\137\353\220\037\143\222\136\217}{chapter.2}% 15
\BOOKMARK [2][]{subsection.2.2.1}{\376\377\0002\000.\0002\000.\0001\000\040\123\366\176\323\160\271\155\361\136\246\166\370\121\163\213\301\146\016\377\032}{section.2.2}% 16
\BOOKMARK [2][]{subsection.2.2.2}{\376\377\0002\000.\0002\000.\0002\000\040\213\301\146\016\136\163\210\141\122\022\122\006\166\204\151\202\163\207}{section.2.2}% 17
\BOOKMARK [0][]{chapter.3}{\376\377\0003\000\040\000A\000l\000g\000o\000r\000i\000t\000h\000m\000\040\000H\000o\000m\000e\000w\000o\000r\000k\000\040\0003}{}% 18
\BOOKMARK [1][]{section.3.1}{\376\377\0003\000.\0001\000\040\143\222\136\217\173\227\154\325\172\063\133\232\140\047\122\006\147\220}{chapter.3}% 19
\BOOKMARK [1][]{section.3.2}{\376\377\0003\000.\0002\000\040\000R\000A\000N\000D\000O\000M\000-\000S\000E\000L\000E\000C\000T\147\000\127\117\140\305\121\265}{chapter.3}% 20
\BOOKMARK [1][]{section.3.3}{\376\377\0003\000.\0003\000\040\213\301\146\016\127\372\116\216\153\324\217\203\166\204\143\222\136\217\173\227\154\325\166\204\147\000\127\117\140\305\121\265\200\027\145\366}{chapter.3}% 21
\BOOKMARK [1][]{section.3.4}{\376\377\0003\000.\0004\000\040\213\301\146\016\000k\153\041\217\336\176\355\124\016\176\347\147\345\142\176\142\100\227\000\166\204\145\366\225\364}{chapter.3}% 22
\BOOKMARK [0][]{chapter.4}{\376\377\0004\000\040\000A\000l\000g\000o\000r\000i\000t\000h\000m\000\040\000H\000o\000m\000e\000w\000o\000r\000k\000\040\0004}{}% 23
\BOOKMARK [1][]{section.4.1}{\376\377\0004\000.\0001\000\040\176\242\236\321\150\021\144\315\117\134}{chapter.4}% 24
\BOOKMARK [2][]{subsection.4.1.1}{\376\377\0004\000.\0001\000.\0001\000\040\143\322\121\145\144\315\117\134}{section.4.1}% 25
\BOOKMARK [2][]{subsection.4.1.2}{\376\377\0004\000.\0001\000.\0002\000\040\122\040\226\144\144\315\117\134}{section.4.1}% 26
\BOOKMARK [1][]{section.4.2}{\376\377\0004\000.\0002\000\040\123\072\225\364\221\315\123\340\160\271\122\006\147\220}{chapter.4}% 27
\BOOKMARK [2][]{subsection.4.2.1}{\376\377\0004\000.\0002\000.\0001\000\040\221\315\123\340\160\271\123\005\124\053\147\320\123\072\225\364\172\357\160\271}{section.4.2}% 28
\BOOKMARK [2][]{subsection.4.2.2}{\376\377\0004\000.\0002\000.\0002\000\040\145\160\143\156\176\323\147\204\147\204\136\372}{section.4.2}% 29
\BOOKMARK [1][]{section.4.3}{\376\377\0004\000.\0003\000\040\145\220\154\342\220\243\131\121\130\006\166\204\166\370\121\163\213\250\213\272}{chapter.4}% 30
\BOOKMARK [2][]{subsection.4.3.1}{\376\377\0004\000.\0003\000.\0001\000\040\122\040\226\144\166\204\123\346\116\000\171\315\121\231\154\325}{section.4.3}% 31
\BOOKMARK [2][]{subsection.4.3.2}{\376\377\0004\000.\0003\000.\0002\000\040\176\331\121\372\175\047\121\321\116\012\165\114}{section.4.3}% 32
\BOOKMARK [0][]{chapter.5}{\376\377\0005\000\040\000A\000l\000g\000o\000r\000i\000t\000h\000m\000\040\000H\000o\000m\000e\000w\000o\000r\000k\000\040\0005}{}% 33
\BOOKMARK [1][]{section.5.1}{\376\377\0005\000.\0001\000\040\177\026\121\231\144\315\117\134\117\052\116\343\170\001}{chapter.5}% 34
\BOOKMARK [1][]{section.5.2}{\376\377\0005\000.\0002\000\040\154\102\211\343\0000\000-\0001\200\314\123\005\225\356\230\230}{chapter.5}% 35
\BOOKMARK [0][]{chapter.6}{\376\377\0006\000\040\000A\000l\000g\000o\000r\000i\000t\000h\000m\000\040\000H\000o\000m\000e\000w\000o\000r\000k\000\040\0006}{}% 36
\BOOKMARK [1][]{section.6.1}{\376\377\0006\000.\0001\000\040\224\242\147\141\122\007\122\162\142\151\134\125\225\356\230\230}{chapter.6}% 37
\BOOKMARK [1][]{section.6.2}{\376\377\0006\000.\0002\000\040\213\241\173\227\147\011\124\021\145\340\163\257\126\376\116\316\000s\122\060\000t\166\204\147\000\225\177\122\240\147\103\173\200\123\125\215\357\137\204}{chapter.6}% 38
\BOOKMARK [1][]{section.6.3}{\376\377\0006\000.\0003\000\040\147\000\117\030\116\214\123\311\150\021\225\356\230\230}{chapter.6}% 39
\BOOKMARK [1][]{section.6.4}{\376\377\0006\000.\0004\000\040\121\154\123\370\133\264\117\032\116\244\226\105\225\356\230\230}{chapter.6}% 40
\BOOKMARK [1][]{section.6.5}{\376\377\0006\000.\0005\000\040\211\206\166\326\160\271\226\306\166\204\147\000\134\017\123\072\225\364\225\356\230\230}{chapter.6}% 41
\BOOKMARK [1][]{section.6.6}{\376\377\0006\000.\0006\000\040\142\176\226\366\225\356\230\230}{chapter.6}% 42
\BOOKMARK [0][]{chapter.7}{\376\377\0007\000\040\000A\000l\000g\000o\000r\000i\000t\000h\000m\000\040\000H\000o\000m\000e\000w\000o\000r\000k\000\040\0007}{}% 43
\BOOKMARK [1][]{section.7.1}{\376\377\0007\000.\0001\000\040\144\112\217\330\122\006\147\220}{chapter.7}% 44
\BOOKMARK [2][]{subsection.7.1.1}{\376\377\0007\000.\0001\000.\0001\000\040\200\132\124\010\154\325}{section.7.1}% 45
\BOOKMARK [2][]{subsection.7.1.2}{\376\377\0007\000.\0001\000.\0002\000\040\150\070\173\227\154\325}{section.7.1}% 46
\BOOKMARK [2][]{subsection.7.1.3}{\376\377\0007\000.\0001\000.\0003\000\040\122\277\200\375\154\325}{section.7.1}% 47
\BOOKMARK [1][]{section.7.2}{\376\377\0007\000.\0002\000\040\000d\176\364\171\273\145\143\120\205\221\314\123\366\123\330\143\142\225\356\230\230}{chapter.7}% 48
\BOOKMARK [2][]{subsection.7.2.1}{\376\377\0007\000.\0002\000.\0001\000\040\213\301\146\016\123\357\122\006\211\343\116\072\116\000\176\364\225\356\230\230}{section.7.2}% 49
\BOOKMARK [2][]{subsection.7.2.2}{\376\377\0007\000.\0002\000.\0002\000\040\213\301\146\016\123\357\116\244\143\142\140\047}{section.7.2}% 50
\BOOKMARK [2][]{subsection.7.2.3}{\376\377\0007\000.\0002\000.\0003\000\040\213\301\146\016\145\366\225\364\131\015\147\102\136\246}{section.7.2}% 51
\BOOKMARK [0][]{chapter.8}{\376\377\0008\000\040\000A\000l\000g\000o\000r\000i\000t\000h\000m\000\040\000H\000o\000m\000e\000w\000o\000r\000k\000\040\0008}{}% 52
\BOOKMARK [1][]{section.8.1}{\376\377\0008\000.\0001\000\040\153\047\142\311\126\336\215\357}{chapter.8}% 53
\BOOKMARK [2][]{subsection.8.1.1}{\376\377\0008\000.\0001\000.\0001\000\040\213\301\146\016\136\246\145\160\140\122\173\111\137\017}{section.8.1}% 54
\BOOKMARK [2][]{subsection.8.1.2}{\376\377\0008\000.\0001\000.\0002\000\040\133\373\153\047\142\311\126\336\215\357\173\227\154\325}{section.8.1}% 55
\BOOKMARK [1][]{section.8.2}{\376\377\0008\000.\0002\000\040\131\127\122\051\116\244\146\023}{chapter.8}% 56
\BOOKMARK [1][]{section.8.3}{\376\377\0008\000.\0003\000\040\000J\000o\000h\000n\000s\000o\000n\173\227\154\325}{chapter.8}% 57
\BOOKMARK [1][]{section.8.4}{\376\377\0008\000.\0004\000\040\147\000\131\047\155\101\166\204\146\364\145\260}{chapter.8}% 58
\BOOKMARK [0][]{chapter.9}{\376\377\0009\000\040\000A\000l\000g\000o\000r\000i\000t\000h\000m\000\040\000H\000o\000m\000e\000w\000o\000r\000k\000\040\0009}{}% 59
\BOOKMARK [1][]{section.9.1}{\376\377\0009\000.\0001\000\040\0002\000-\000S\000A\000T\225\356\230\230\166\204\131\032\230\171\137\017\211\343\154\325}{chapter.9}% 60
\BOOKMARK [1][]{section.9.2}{\376\377\0009\000.\0002\000\040\145\340\124\021\126\376\165\037\142\020\150\021}{chapter.9}% 61
\BOOKMARK [2][]{subsection.9.2.1}{\376\377\0009\000.\0002\000.\0001\000\040\156\341\215\263\116\044\226\306\124\010\166\370\173\111\166\204\117\213\133\120}{section.9.2}% 62
\BOOKMARK [2][]{subsection.9.2.2}{\376\377\0009\000.\0002\000.\0002\000\040\156\341\215\263\116\044\226\306\124\010\116\015\166\370\173\111\166\204\117\213\133\120}{section.9.2}% 63
\BOOKMARK [2][]{subsection.9.2.3}{\376\377\0009\000.\0002\000.\0003\000\040\213\301\146\016\000S\146\057\000T\166\204\133\120\226\306}{section.9.2}% 64
\BOOKMARK [2][]{subsection.9.2.4}{\376\377\0009\000.\0002\000.\0004\000\040\213\301\146\016\147\103\221\315\116\015\173\111\137\017}{section.9.2}% 65
\BOOKMARK [2][]{subsection.9.2.5}{\376\377\0009\000.\0002\000.\0005\000\040\213\241\173\227\0002\217\321\117\074\166\204\147\000\131\047\165\037\142\020\150\021\173\227\154\325}{section.9.2}% 66
